<?xml version="1.0" encoding="UTF-8"?>
<!-- Generated by org.testng.reporters.JUnitReportReporter -->
<testsuite hostname="DESKTOP-D3HDG58" name="com.testng.classes.LoginTest" tests="1" failures="0" timestamp="30 Apr 2020 10:19:11 GMT" time="23.649" errors="0">
  <testcase name="loginTest" time="23.649" classname="com.testng.classes.LoginTest"/>
</testsuite> <!-- com.testng.classes.LoginTest -->
