<?xml version="1.0" encoding="UTF-8"?>
<!-- Generated by org.testng.reporters.JUnitReportReporter -->
<testsuite hostname="DESKTOP-D3HDG58" name="parallelExecutionMethods.BaseClassTest" tests="3" failures="0" timestamp="30 Apr 2020 10:19:11 GMT" time="230.744" errors="0">
  <testcase name="loginChandraTest" time="86.268" classname="parallelExecutionMethods.BaseClassTest"/>
  <testcase name="loginPoornaTest" time="9.125" classname="parallelExecutionMethods.BaseClassTest"/>
  <testcase name="loginRaoTest" time="135.351" classname="parallelExecutionMethods.BaseClassTest"/>
</testsuite> <!-- parallelExecutionMethods.BaseClassTest -->
