<?xml version="1.0" encoding="UTF-8"?>
<!-- Generated by org.testng.reporters.JUnitXMLReporter -->
<testsuite hostname="DESKTOP-D3HDG58" name="Test-method test" tests="3" failures="0" timestamp="3 May 2020 06:25:41 GMT" time="22.621" errors="0">
  <testcase name="loginPoornaTest" time="8.404" classname="parallelExecutionMethods.BaseClassTest"/>
  <testcase name="loginChandraTest" time="11.433" classname="parallelExecutionMethods.BaseClassTest"/>
  <testcase name="loginRaoTest" time="11.44" classname="parallelExecutionMethods.BaseClassTest"/>
</testsuite> <!-- Test-method test -->
