<?xml version="1.0" encoding="UTF-8"?>
<!-- Generated by org.testng.reporters.JUnitXMLReporter -->
<testsuite hostname="PoornaSowji-PC" ignored="0" name="Test-method test3" tests="1" failures="0" timestamp="2020-03-26T21:09:55 AEDT" time="8.77" errors="0">
  <testcase name="loginRaoTest" time="5.205" classname="parallelExecutionClasses.BaseClassTest3"/>
</testsuite> <!-- Test-method test3 -->
