<?xml version="1.0" encoding="UTF-8"?>
<!-- Generated by org.testng.reporters.JUnitXMLReporter -->
<testsuite hostname="PoornaSowji-PC" ignored="0" name="Test-method test2" tests="1" failures="0" timestamp="2020-03-26T21:09:46 AEDT" time="8.77" errors="0">
  <testcase name="loginChandraTest" time="5.02" classname="parallelExecutionClasses.BaseClassTest2"/>
</testsuite> <!-- Test-method test2 -->
