<?xml version="1.0" encoding="UTF-8"?>
<!-- Generated by org.testng.reporters.JUnitXMLReporter -->
<testsuite hostname="DESKTOP-D3HDG58" ignored="0" name="Test-method test" tests="3" failures="0" timestamp="2020-05-10T14:24:05 AEST" time="10.652" errors="0">
  <testcase name="@AfterMethod tearDown" time="0.005" classname="com.testng.concepts.ParallelMethods">
    <failure type="java.lang.NullPointerException">
      <![CDATA[java.lang.NullPointerException
at com.testng.concepts.ParallelMethods.tearDown(ParallelMethods.java:70)
at java.util.ArrayList.forEach(ArrayList.java:1257)
... Removed 32 stack frames]]>
    </failure>
  </testcase> <!-- @AfterMethod tearDown -->
  <testcase name="@BeforeMethod before" time="-1.589084645755E9" classname="com.testng.concepts.ParallelMethods">
    <skipped/>
  </testcase> <!-- @BeforeMethod before -->
  <testcase name="@AfterMethod tearDown" time="-1.589084645794E9" classname="com.testng.concepts.ParallelMethods">
    <skipped/>
  </testcase> <!-- @AfterMethod tearDown -->
  <testcase name="@BeforeMethod before" time="-1.589084645799E9" classname="com.testng.concepts.ParallelMethods">
    <skipped/>
  </testcase> <!-- @BeforeMethod before -->
  <testcase name="@AfterMethod tearDown" time="-1.589084645806E9" classname="com.testng.concepts.ParallelMethods">
    <skipped/>
  </testcase> <!-- @AfterMethod tearDown -->
  <testcase name="loginChandraTest" time="10.497" classname="com.testng.concepts.ParallelMethods"/>
  <testcase name="loginPoornaTest" time="0.0" classname="com.testng.concepts.ParallelMethods">
    <skipped/>
  </testcase> <!-- loginPoornaTest -->
  <testcase name="loginRaoTest" time="0.0" classname="com.testng.concepts.ParallelMethods">
    <skipped/>
  </testcase> <!-- loginRaoTest -->
</testsuite> <!-- Test-method test -->
