<?xml version="1.0" encoding="UTF-8"?>
<!-- Generated by org.testng.reporters.JUnitReportReporter -->
<testsuite hostname="DESKTOP-D3HDG58" name="TESTNG.TESTNG.AppTest" tests="1" failures="0" timestamp="30 Apr 2020 10:19:11 GMT" time="0.003" errors="0">
  <testcase name="testApp" time="0.003" classname="TESTNG.TESTNG.AppTest"/>
</testsuite> <!-- TESTNG.TESTNG.AppTest -->
