<?xml version="1.0" encoding="UTF-8"?>
<!-- Generated by org.testng.reporters.JUnitReportReporter -->
<testsuite skipped="1" hostname="DESKTOP-D3HDG58" name="com.grid.Grid_node3" tests="2" failures="0" timestamp="2020-05-29T07:55:36 AEST" time="1.262" errors="1">
  <testcase name="setup" time="1.262" classname="com.grid.Grid_node3">
    <error type="org.openqa.selenium.WebDriverException" message="Unable to parse remote response: &lt;html&gt;
&lt;head&gt;
&lt;meta http-equiv=&quot;Content-Type&quot; content=&quot;text/html;charset=utf-8&quot;/&gt;
&lt;title&gt;Error 500 Server Error&lt;/title&gt;
&lt;/head&gt;
&lt;body&gt;&lt;h2&gt;HTTP ERROR 500&lt;/h2&gt;
&lt;p&gt;Problem accessing /wd/hub/session. Reason:
&lt;pre&gt;    Server Error&lt;/pre&gt;&lt;/p&gt;&lt;h3&gt;Caused by:&lt;/h3&gt;&lt;pre&gt;java.io.IOException: org.openqa.grid.common.exception.GridException: Cannot extract a capabilities from the request: {
  &amp;quot;desiredCapabilities&amp;quot;: {},
  &amp;quot;requiredCapabilities&amp;quot;: {},
  &amp;quot;capabilities&amp;quot;: {
    &amp;quot;desiredCapabilities&amp;quot;: {},
    &amp;quot;requiredCapabilities&amp;quot;: {},
    &amp;quot;alwaysMatch&amp;quot;: {},
    &amp;quot;firstMatch&amp;quot;: []
  }
}
	at org.openqa.grid.web.servlet.DriverServlet.process(DriverServlet.java:138)
	at org.openqa.grid.web.servlet.DriverServlet.doPost(DriverServlet.java:69)
	at javax.servlet.http.HttpServlet.service(HttpServlet.java:707)
	at javax.servlet.http.HttpServlet.service(HttpServlet.java:790)
	at org.seleniumhq.jetty9.servlet.ServletHolder.handle(ServletHolder.java:865)
	at org.seleniumhq.jetty9.servlet.ServletHandler.doHandle(ServletHandler.java:535)
	at org.seleniumhq.jetty9.server.handler.ScopedHandler.handle(ScopedHandler.java:146)
	at org.seleniumhq.jetty9.security.SecurityHandler.handle(SecurityHandler.java:548)
	at org.seleniumhq.jetty9.server.handler.HandlerWrapper.handle(HandlerWrapper.java:132)
	at org.seleniumhq.jetty9.server.handler.ScopedHandler.nextHandle(ScopedHandler.java:257)
	at org.seleniumhq.jetty9.server.session.SessionHandler.doHandle(SessionHandler.java:1595)
	at org.seleniumhq.jetty9.server.handler.ScopedHandler.nextHandle(ScopedHandler.java:255)
	at org.seleniumhq.jetty9.server.handler.ContextHandler.doHandle(ContextHandler.java:1340)
	at org.seleniumhq.jetty9.server.handler.ScopedHandler.nextScope(ScopedHandler.java:203)
	at org.seleniumhq.jetty9.servlet.ServletHandler.doScope(ServletHandler.java:473)
	at org.seleniumhq.jetty9.server.session.SessionHandler.doScope(SessionHandler.java:1564)
	at org.seleniumhq.jetty9.server.handler.ScopedHandler.nextScope(ScopedHandler.java:201)
	at org.seleniumhq.jetty9.server.handler.ContextHandler.doScope(ContextHandler.java:1242)
	at org.seleniumhq.jetty9.server.handler.ScopedHandler.handle(ScopedHandler.java:144)
	at org.seleniumhq.jetty9.server.handler.HandlerWrapper.handle(HandlerWrapper.java:132)
	at org.seleniumhq.jetty9.server.Server.handle(Server.java:503)
	at org.seleniumhq.jetty9.server.HttpChannel.handle(HttpChannel.java:364)
	at org.seleniumhq.jetty9.server.HttpConnection.onFillable(HttpConnection.java:260)
	at org.seleniumhq.jetty9.io.AbstractConnection$ReadCallback.succeeded(AbstractConnection.java:305)
	at org.seleniumhq.jetty9.io.FillInterest.fillable(FillInterest.java:103)
	at org.seleniumhq.jetty9.io.ChannelEndPoint$2.run(ChannelEndPoint.java:118)
	at org.seleniumhq.jetty9.util.thread.strategy.EatWhatYouKill.runTask(EatWhatYouKill.java:333)
	at org.seleniumhq.jetty9.util.thread.strategy.EatWhatYouKill.doProduce(EatWhatYouKill.java:310)
	at org.seleniumhq.jetty9.util.thread.strategy.EatWhatYouKill.tryProduce(EatWhatYouKill.java:168)
	at org.seleniumhq.jetty9.util.thread.strategy.EatWhatYouKill.run(EatWhatYouKill.java:126)
	at org.seleniumhq.jetty9.util.thread.ReservedThreadExecutor$ReservedThread.run(ReservedThreadExecutor.java:366)
	at org.seleniumhq.jetty9.util.thread.QueuedThreadPool.runJob(QueuedThreadPool.java:765)
	at org.seleniumhq.jetty9.util.thread.QueuedThreadPool$2.run(QueuedThreadPool.java:683)
	at java.lang.Thread.run(Thread.java:748)
Caused by: org.openqa.grid.common.exception.GridException: Cannot extract a capabilities from the request: {
  &amp;quot;desiredCapabilities&amp;quot;: {},
  &amp;quot;requiredCapabilities&amp;quot;: {},
  &amp;quot;capabilities&amp;quot;: {
    &amp;quot;desiredCapabilities&amp;quot;: {},
    &amp;quot;requiredCapabilities&amp;quot;: {},
    &amp;quot;alwaysMatch&amp;quot;: {},
    &amp;quot;firstMatch&amp;quot;: []
  }
}
	at org.openqa.grid.web.servlet.handler.WebDriverRequest.extractDesiredCapability(WebDriverRequest.java:74)
	at org.openqa.grid.web.servlet.handler.SeleniumBasedRequest.&amp;lt;init&amp;gt;(SeleniumBasedRequest.java:102)
	at org.openqa.grid.web.servlet.handler.WebDriverRequest.&amp;lt;init&amp;gt;(WebDriverRequest.java:36)
	at org.openqa.grid.web.servlet.handler.WebDriverRequestFactory.createFromRequest(WebDriverRequestFactory.java:30)
	at org.openqa.grid.web.servlet.handler.SeleniumBasedRequest.createFromRequest(SeleniumBasedRequest.java:73)
	at org.openqa.grid.web.servlet.DriverServlet.process(DriverServlet.java:83)
	... 33 more
Caused by: java.lang.IllegalArgumentException: First match w3c capabilities is zero length
	at org.openqa.selenium.remote.NewSessionPayload.validate(NewSessionPayload.java:172)
	at org.openqa.selenium.remote.NewSessionPayload.&amp;lt;init&amp;gt;(NewSessionPayload.java:154)
	at org.openqa.selenium.remote.NewSessionPayload.create(NewSessionPayload.java:105)
	at org.openqa.grid.web.servlet.handler.WebDriverRequest.extractDesiredCapability(WebDriverRequest.java:66)
	... 38 more
&lt;/pre&gt;
&lt;h3&gt;Caused by:&lt;/h3&gt;&lt;pre&gt;org.openqa.grid.common.exception.GridException: Cannot extract a capabilities from the request: {
  &amp;quot;desiredCapabilities&amp;quot;: {},
  &amp;quot;requiredCapabilities&amp;quot;: {},
  &amp;quot;capabilities&amp;quot;: {
    &amp;quot;desiredCapabilities&amp;quot;: {},
    &amp;quot;requiredCapabilities&amp;quot;: {},
    &amp;quot;alwaysMatch&amp;quot;: {},
    &amp;quot;firstMatch&amp;quot;: []
  }
}
	at org.openqa.grid.web.servlet.handler.WebDriverRequest.extractDesiredCapability(WebDriverRequest.java:74)
	at org.openqa.grid.web.servlet.handler.SeleniumBasedRequest.&amp;lt;init&amp;gt;(SeleniumBasedRequest.java:102)
	at org.openqa.grid.web.servlet.handler.WebDriverRequest.&amp;lt;init&amp;gt;(WebDriverRequest.java:36)
	at org.openqa.grid.web.servlet.handler.WebDriverRequestFactory.createFromRequest(WebDriverRequestFactory.java:30)
	at org.openqa.grid.web.servlet.handler.SeleniumBasedRequest.createFromRequest(SeleniumBasedRequest.java:73)
	at org.openqa.grid.web.servlet.DriverServlet.process(DriverServlet.java:83)
	at org.openqa.grid.web.servlet.DriverServlet.doPost(DriverServlet.java:69)
	at javax.servlet.http.HttpServlet.service(HttpServlet.java:707)
	at javax.servlet.http.HttpServlet.service(HttpServlet.java:790)
	at org.seleniumhq.jetty9.servlet.ServletHolder.handle(ServletHolder.java:865)
	at org.seleniumhq.jetty9.servlet.ServletHandler.doHandle(ServletHandler.java:535)
	at org.seleniumhq.jetty9.server.handler.ScopedHandler.handle(ScopedHandler.java:146)
	at org.seleniumhq.jetty9.security.SecurityHandler.handle(SecurityHandler.java:548)
	at org.seleniumhq.jetty9.server.handler.HandlerWrapper.handle(HandlerWrapper.java:132)
	at org.seleniumhq.jetty9.server.handler.ScopedHandler.nextHandle(ScopedHandler.java:257)
	at org.seleniumhq.jetty9.server.session.SessionHandler.doHandle(SessionHandler.java:1595)
	at org.seleniumhq.jetty9.server.handler.ScopedHandler.nextHandle(ScopedHandler.java:255)
	at org.seleniumhq.jetty9.server.handler.ContextHandler.doHandle(ContextHandler.java:1340)
	at org.seleniumhq.jetty9.server.handler.ScopedHandler.nextScope(ScopedHandler.java:203)
	at org.seleniumhq.jetty9.servlet.ServletHandler.doScope(ServletHandler.java:473)
	at org.seleniumhq.jetty9.server.session.SessionHandler.doScope(SessionHandler.java:1564)
	at org.seleniumhq.jetty9.server.handler.ScopedHandler.nextScope(ScopedHandler.java:201)
	at org.seleniumhq.jetty9.server.handler.ContextHandler.doScope(ContextHandler.java:1242)
	at org.seleniumhq.jetty9.server.handler.ScopedHandler.handle(ScopedHandler.java:144)
	at org.seleniumhq.jetty9.server.handler.HandlerWrapper.handle(HandlerWrapper.java:132)
	at org.seleniumhq.jetty9.server.Server.handle(Server.java:503)
	at org.seleniumhq.jetty9.server.HttpChannel.handle(HttpChannel.java:364)
	at org.seleniumhq.jetty9.server.HttpConnection.onFillable(HttpConnection.java:260)
	at org.seleniumhq.jetty9.io.AbstractConnection$ReadCallback.succeeded(AbstractConnection.java:305)
	at org.seleniumhq.jetty9.io.FillInterest.fillable(FillInterest.java:103)
	at org.seleniumhq.jetty9.io.ChannelEndPoint$2.run(ChannelEndPoint.java:118)
	at org.seleniumhq.jetty9.util.thread.strategy.EatWhatYouKill.runTask(EatWhatYouKill.java:333)
	at org.seleniumhq.jetty9.util.thread.strategy.EatWhatYouKill.doProduce(EatWhatYouKill.java:310)
	at org.seleniumhq.jetty9.util.thread.strategy.EatWhatYouKill.tryProduce(EatWhatYouKill.java:168)
	at org.seleniumhq.jetty9.util.thread.strategy.EatWhatYouKill.run(EatWhatYouKill.java:126)
	at org.seleniumhq.jetty9.util.thread.ReservedThreadExecutor$ReservedThread.run(ReservedThreadExecutor.java:366)
	at org.seleniumhq.jetty9.util.thread.QueuedThreadPool.runJob(QueuedThreadPool.java:765)
	at org.seleniumhq.jetty9.util.thread.QueuedThreadPool$2.run(QueuedThreadPool.java:683)
	at java.lang.Thread.run(Thread.java:748)
Caused by: java.lang.IllegalArgumentException: First match w3c capabilities is zero length
	at org.openqa.selenium.remote.NewSessionPayload.validate(NewSessionPayload.java:172)
	at org.openqa.selenium.remote.NewSessionPayload.&amp;lt;init&amp;gt;(NewSessionPayload.java:154)
	at org.openqa.selenium.remote.NewSessionPayload.create(NewSessionPayload.java:105)
	at org.openqa.grid.web.servlet.handler.WebDriverRequest.extractDesiredCapability(WebDriverRequest.java:66)
	... 38 more
&lt;/pre&gt;
&lt;h3&gt;Caused by:&lt;/h3&gt;&lt;pre&gt;java.lang.IllegalArgumentException: First match w3c capabilities is zero length
	at org.openqa.selenium.remote.NewSessionPayload.validate(NewSessionPayload.java:172)
	at org.openqa.selenium.remote.NewSessionPayload.&amp;lt;init&amp;gt;(NewSessionPayload.java:154)
	at org.openqa.selenium.remote.NewSessionPayload.create(NewSessionPayload.java:105)
	at org.openqa.grid.web.servlet.handler.WebDriverRequest.extractDesiredCapability(WebDriverRequest.java:66)
	at org.openqa.grid.web.servlet.handler.SeleniumBasedRequest.&amp;lt;init&amp;gt;(SeleniumBasedRequest.java:102)
	at org.openqa.grid.web.servlet.handler.WebDriverRequest.&amp;lt;init&amp;gt;(WebDriverRequest.java:36)
	at org.openqa.grid.web.servlet.handler.WebDriverRequestFactory.createFromRequest(WebDriverRequestFactory.java:30)
	at org.openqa.grid.web.servlet.handler.SeleniumBasedRequest.createFromRequest(SeleniumBasedRequest.java:73)
	at org.openqa.grid.web.servlet.DriverServlet.process(DriverServlet.java:83)
	at org.openqa.grid.web.servlet.DriverServlet.doPost(DriverServlet.java:69)
	at javax.servlet.http.HttpServlet.service(HttpServlet.java:707)
	at javax.servlet.http.HttpServlet.service(HttpServlet.java:790)
	at org.seleniumhq.jetty9.servlet.ServletHolder.handle(ServletHolder.java:865)
	at org.seleniumhq.jetty9.servlet.ServletHandler.doHandle(ServletHandler.java:535)
	at org.seleniumhq.jetty9.server.handler.ScopedHandler.handle(ScopedHandler.java:146)
	at org.seleniumhq.jetty9.security.SecurityHandler.handle(SecurityHandler.java:548)
	at org.seleniumhq.jetty9.server.handler.HandlerWrapper.handle(HandlerWrapper.java:132)
	at org.seleniumhq.jetty9.server.handler.ScopedHandler.nextHandle(ScopedHandler.java:257)
	at org.seleniumhq.jetty9.server.session.SessionHandler.doHandle(SessionHandler.java:1595)
	at org.seleniumhq.jetty9.server.handler.ScopedHandler.nextHandle(ScopedHandler.java:255)
	at org.seleniumhq.jetty9.server.handler.ContextHandler.doHandle(ContextHandler.java:1340)
	at org.seleniumhq.jetty9.server.handler.ScopedHandler.nextScope(ScopedHandler.java:203)
	at org.seleniumhq.jetty9.servlet.ServletHandler.doScope(ServletHandler.java:473)
	at org.seleniumhq.jetty9.server.session.SessionHandler.doScope(SessionHandler.java:1564)
	at org.seleniumhq.jetty9.server.handler.ScopedHandler.nextScope(ScopedHandler.java:201)
	at org.seleniumhq.jetty9.server.handler.ContextHandler.doScope(ContextHandler.java:1242)
	at org.seleniumhq.jetty9.server.handler.ScopedHandler.handle(ScopedHandler.java:144)
	at org.seleniumhq.jetty9.server.handler.HandlerWrapper.handle(HandlerWrapper.java:132)
	at org.seleniumhq.jetty9.server.Server.handle(Server.java:503)
	at org.seleniumhq.jetty9.server.HttpChannel.handle(HttpChannel.java:364)
	at org.seleniumhq.jetty9.server.HttpConnection.onFillable(HttpConnection.java:260)
	at org.seleniumhq.jetty9.io.AbstractConnection$ReadCallback.succeeded(AbstractConnection.java:305)
	at org.seleniumhq.jetty9.io.FillInterest.fillable(FillInterest.java:103)
	at org.seleniumhq.jetty9.io.ChannelEndPoint$2.run(ChannelEndPoint.java:118)
	at org.seleniumhq.jetty9.util.thread.strategy.EatWhatYouKill.runTask(EatWhatYouKill.java:333)
	at org.seleniumhq.jetty9.util.thread.strategy.EatWhatYouKill.doProduce(EatWhatYouKill.java:310)
	at org.seleniumhq.jetty9.util.thread.strategy.EatWhatYouKill.tryProduce(EatWhatYouKill.java:168)
	at org.seleniumhq.jetty9.util.thread.strategy.EatWhatYouKill.run(EatWhatYouKill.java:126)
	at org.seleniumhq.jetty9.util.thread.ReservedThreadExecutor$ReservedThread.run(ReservedThreadExecutor.java:366)
	at org.seleniumhq.jetty9.util.thread.QueuedThreadPool.runJob(QueuedThreadPool.java:765)
	at org.seleniumhq.jetty9.util.thread.QueuedThreadPool$2.run(QueuedThreadPool.java:683)
	at java.lang.Thread.run(Thread.java:748)
&lt;/pre&gt;
&lt;hr&gt;&lt;a href=&quot;http://eclipse.org/jetty&quot;&gt;Powered by Jetty:// 9.4.z-SNAPSHOT&lt;/a&gt;&lt;hr/&gt;

&lt;/body&gt;
&lt;/html&gt;

Build info: version: &#039;3.5.3&#039;, revision: &#039;a88d25fe6b&#039;, time: &#039;2017-08-29T12:42:44.417Z&#039;
System info: host: &#039;DESKTOP-D3HDG58&#039;, ip: &#039;192.168.1.111&#039;, os.name: &#039;Windows 10&#039;, os.arch: &#039;amd64&#039;, os.version: &#039;10.0&#039;, java.version: &#039;1.8.0_202&#039;
Driver info: driver.version: RemoteWebDriver">
      <![CDATA[org.openqa.selenium.WebDriverException: Unable to parse remote response: <html>
<head>
<meta http-equiv="Content-Type" content="text/html;charset=utf-8"/>
<title>Error 500 Server Error</title>
</head>
<body><h2>HTTP ERROR 500</h2>
<p>Problem accessing /wd/hub/session. Reason:
<pre>    Server Error</pre></p><h3>Caused by:</h3><pre>java.io.IOException: org.openqa.grid.common.exception.GridException: Cannot extract a capabilities from the request: {
  &quot;desiredCapabilities&quot;: {},
  &quot;requiredCapabilities&quot;: {},
  &quot;capabilities&quot;: {
    &quot;desiredCapabilities&quot;: {},
    &quot;requiredCapabilities&quot;: {},
    &quot;alwaysMatch&quot;: {},
    &quot;firstMatch&quot;: []
  }
}
at org.openqa.grid.web.servlet.DriverServlet.process(DriverServlet.java:138)
at org.openqa.grid.web.servlet.DriverServlet.doPost(DriverServlet.java:69)
at javax.servlet.http.HttpServlet.service(HttpServlet.java:707)
at javax.servlet.http.HttpServlet.service(HttpServlet.java:790)
at org.seleniumhq.jetty9.servlet.ServletHolder.handle(ServletHolder.java:865)
at org.seleniumhq.jetty9.servlet.ServletHandler.doHandle(ServletHandler.java:535)
at org.seleniumhq.jetty9.server.handler.ScopedHandler.handle(ScopedHandler.java:146)
at org.seleniumhq.jetty9.security.SecurityHandler.handle(SecurityHandler.java:548)
at org.seleniumhq.jetty9.server.handler.HandlerWrapper.handle(HandlerWrapper.java:132)
at org.seleniumhq.jetty9.server.handler.ScopedHandler.nextHandle(ScopedHandler.java:257)
at org.seleniumhq.jetty9.server.session.SessionHandler.doHandle(SessionHandler.java:1595)
at org.seleniumhq.jetty9.server.handler.ScopedHandler.nextHandle(ScopedHandler.java:255)
at org.seleniumhq.jetty9.server.handler.ContextHandler.doHandle(ContextHandler.java:1340)
at org.seleniumhq.jetty9.server.handler.ScopedHandler.nextScope(ScopedHandler.java:203)
at org.seleniumhq.jetty9.servlet.ServletHandler.doScope(ServletHandler.java:473)
at org.seleniumhq.jetty9.server.session.SessionHandler.doScope(SessionHandler.java:1564)
at org.seleniumhq.jetty9.server.handler.ScopedHandler.nextScope(ScopedHandler.java:201)
at org.seleniumhq.jetty9.server.handler.ContextHandler.doScope(ContextHandler.java:1242)
at org.seleniumhq.jetty9.server.handler.ScopedHandler.handle(ScopedHandler.java:144)
at org.seleniumhq.jetty9.server.handler.HandlerWrapper.handle(HandlerWrapper.java:132)
at org.seleniumhq.jetty9.server.Server.handle(Server.java:503)
at org.seleniumhq.jetty9.server.HttpChannel.handle(HttpChannel.java:364)
at org.seleniumhq.jetty9.server.HttpConnection.onFillable(HttpConnection.java:260)
at org.seleniumhq.jetty9.io.AbstractConnection$ReadCallback.succeeded(AbstractConnection.java:305)
at org.seleniumhq.jetty9.io.FillInterest.fillable(FillInterest.java:103)
at org.seleniumhq.jetty9.io.ChannelEndPoint$2.run(ChannelEndPoint.java:118)
at org.seleniumhq.jetty9.util.thread.strategy.EatWhatYouKill.runTask(EatWhatYouKill.java:333)
at org.seleniumhq.jetty9.util.thread.strategy.EatWhatYouKill.doProduce(EatWhatYouKill.java:310)
at org.seleniumhq.jetty9.util.thread.strategy.EatWhatYouKill.tryProduce(EatWhatYouKill.java:168)
at org.seleniumhq.jetty9.util.thread.strategy.EatWhatYouKill.run(EatWhatYouKill.java:126)
at org.seleniumhq.jetty9.util.thread.ReservedThreadExecutor$ReservedThread.run(ReservedThreadExecutor.java:366)
at org.seleniumhq.jetty9.util.thread.QueuedThreadPool.runJob(QueuedThreadPool.java:765)
at org.seleniumhq.jetty9.util.thread.QueuedThreadPool$2.run(QueuedThreadPool.java:683)
at java.lang.Thread.run(Thread.java:748)
Caused by: org.openqa.grid.common.exception.GridException: Cannot extract a capabilities from the request: {
  &quot;desiredCapabilities&quot;: {},
  &quot;requiredCapabilities&quot;: {},
  &quot;capabilities&quot;: {
    &quot;desiredCapabilities&quot;: {},
    &quot;requiredCapabilities&quot;: {},
    &quot;alwaysMatch&quot;: {},
    &quot;firstMatch&quot;: []
  }
}
at org.openqa.grid.web.servlet.handler.WebDriverRequest.extractDesiredCapability(WebDriverRequest.java:74)
at org.openqa.grid.web.servlet.handler.SeleniumBasedRequest.&lt;init&gt;(SeleniumBasedRequest.java:102)
at org.openqa.grid.web.servlet.handler.WebDriverRequest.&lt;init&gt;(WebDriverRequest.java:36)
at org.openqa.grid.web.servlet.handler.WebDriverRequestFactory.createFromRequest(WebDriverRequestFactory.java:30)
at org.openqa.grid.web.servlet.handler.SeleniumBasedRequest.createFromRequest(SeleniumBasedRequest.java:73)
at org.openqa.grid.web.servlet.DriverServlet.process(DriverServlet.java:83)
... 33 more
Caused by: java.lang.IllegalArgumentException: First match w3c capabilities is zero length
at org.openqa.selenium.remote.NewSessionPayload.validate(NewSessionPayload.java:172)
at org.openqa.selenium.remote.NewSessionPayload.&lt;init&gt;(NewSessionPayload.java:154)
at org.openqa.selenium.remote.NewSessionPayload.create(NewSessionPayload.java:105)
at org.openqa.grid.web.servlet.handler.WebDriverRequest.extractDesiredCapability(WebDriverRequest.java:66)
... 38 more
</pre>
<h3>Caused by:</h3><pre>org.openqa.grid.common.exception.GridException: Cannot extract a capabilities from the request: {
  &quot;desiredCapabilities&quot;: {},
  &quot;requiredCapabilities&quot;: {},
  &quot;capabilities&quot;: {
    &quot;desiredCapabilities&quot;: {},
    &quot;requiredCapabilities&quot;: {},
    &quot;alwaysMatch&quot;: {},
    &quot;firstMatch&quot;: []
  }
}
at org.openqa.grid.web.servlet.handler.WebDriverRequest.extractDesiredCapability(WebDriverRequest.java:74)
at org.openqa.grid.web.servlet.handler.SeleniumBasedRequest.&lt;init&gt;(SeleniumBasedRequest.java:102)
at org.openqa.grid.web.servlet.handler.WebDriverRequest.&lt;init&gt;(WebDriverRequest.java:36)
at org.openqa.grid.web.servlet.handler.WebDriverRequestFactory.createFromRequest(WebDriverRequestFactory.java:30)
at org.openqa.grid.web.servlet.handler.SeleniumBasedRequest.createFromRequest(SeleniumBasedRequest.java:73)
at org.openqa.grid.web.servlet.DriverServlet.process(DriverServlet.java:83)
at org.openqa.grid.web.servlet.DriverServlet.doPost(DriverServlet.java:69)
at javax.servlet.http.HttpServlet.service(HttpServlet.java:707)
at javax.servlet.http.HttpServlet.service(HttpServlet.java:790)
at org.seleniumhq.jetty9.servlet.ServletHolder.handle(ServletHolder.java:865)
at org.seleniumhq.jetty9.servlet.ServletHandler.doHandle(ServletHandler.java:535)
at org.seleniumhq.jetty9.server.handler.ScopedHandler.handle(ScopedHandler.java:146)
at org.seleniumhq.jetty9.security.SecurityHandler.handle(SecurityHandler.java:548)
at org.seleniumhq.jetty9.server.handler.HandlerWrapper.handle(HandlerWrapper.java:132)
at org.seleniumhq.jetty9.server.handler.ScopedHandler.nextHandle(ScopedHandler.java:257)
at org.seleniumhq.jetty9.server.session.SessionHandler.doHandle(SessionHandler.java:1595)
at org.seleniumhq.jetty9.server.handler.ScopedHandler.nextHandle(ScopedHandler.java:255)
at org.seleniumhq.jetty9.server.handler.ContextHandler.doHandle(ContextHandler.java:1340)
at org.seleniumhq.jetty9.server.handler.ScopedHandler.nextScope(ScopedHandler.java:203)
at org.seleniumhq.jetty9.servlet.ServletHandler.doScope(ServletHandler.java:473)
at org.seleniumhq.jetty9.server.session.SessionHandler.doScope(SessionHandler.java:1564)
at org.seleniumhq.jetty9.server.handler.ScopedHandler.nextScope(ScopedHandler.java:201)
at org.seleniumhq.jetty9.server.handler.ContextHandler.doScope(ContextHandler.java:1242)
at org.seleniumhq.jetty9.server.handler.ScopedHandler.handle(ScopedHandler.java:144)
at org.seleniumhq.jetty9.server.handler.HandlerWrapper.handle(HandlerWrapper.java:132)
at org.seleniumhq.jetty9.server.Server.handle(Server.java:503)
at org.seleniumhq.jetty9.server.HttpChannel.handle(HttpChannel.java:364)
at org.seleniumhq.jetty9.server.HttpConnection.onFillable(HttpConnection.java:260)
at org.seleniumhq.jetty9.io.AbstractConnection$ReadCallback.succeeded(AbstractConnection.java:305)
at org.seleniumhq.jetty9.io.FillInterest.fillable(FillInterest.java:103)
at org.seleniumhq.jetty9.io.ChannelEndPoint$2.run(ChannelEndPoint.java:118)
at org.seleniumhq.jetty9.util.thread.strategy.EatWhatYouKill.runTask(EatWhatYouKill.java:333)
at org.seleniumhq.jetty9.util.thread.strategy.EatWhatYouKill.doProduce(EatWhatYouKill.java:310)
at org.seleniumhq.jetty9.util.thread.strategy.EatWhatYouKill.tryProduce(EatWhatYouKill.java:168)
at org.seleniumhq.jetty9.util.thread.strategy.EatWhatYouKill.run(EatWhatYouKill.java:126)
at org.seleniumhq.jetty9.util.thread.ReservedThreadExecutor$ReservedThread.run(ReservedThreadExecutor.java:366)
at org.seleniumhq.jetty9.util.thread.QueuedThreadPool.runJob(QueuedThreadPool.java:765)
at org.seleniumhq.jetty9.util.thread.QueuedThreadPool$2.run(QueuedThreadPool.java:683)
at java.lang.Thread.run(Thread.java:748)
Caused by: java.lang.IllegalArgumentException: First match w3c capabilities is zero length
at org.openqa.selenium.remote.NewSessionPayload.validate(NewSessionPayload.java:172)
at org.openqa.selenium.remote.NewSessionPayload.&lt;init&gt;(NewSessionPayload.java:154)
at org.openqa.selenium.remote.NewSessionPayload.create(NewSessionPayload.java:105)
at org.openqa.grid.web.servlet.handler.WebDriverRequest.extractDesiredCapability(WebDriverRequest.java:66)
... 38 more
</pre>
<h3>Caused by:</h3><pre>java.lang.IllegalArgumentException: First match w3c capabilities is zero length
at org.openqa.selenium.remote.NewSessionPayload.validate(NewSessionPayload.java:172)
at org.openqa.selenium.remote.NewSessionPayload.&lt;init&gt;(NewSessionPayload.java:154)
at org.openqa.selenium.remote.NewSessionPayload.create(NewSessionPayload.java:105)
at org.openqa.grid.web.servlet.handler.WebDriverRequest.extractDesiredCapability(WebDriverRequest.java:66)
at org.openqa.grid.web.servlet.handler.SeleniumBasedRequest.&lt;init&gt;(SeleniumBasedRequest.java:102)
at org.openqa.grid.web.servlet.handler.WebDriverRequest.&lt;init&gt;(WebDriverRequest.java:36)
at org.openqa.grid.web.servlet.handler.WebDriverRequestFactory.createFromRequest(WebDriverRequestFactory.java:30)
at org.openqa.grid.web.servlet.handler.SeleniumBasedRequest.createFromRequest(SeleniumBasedRequest.java:73)
at org.openqa.grid.web.servlet.DriverServlet.process(DriverServlet.java:83)
at org.openqa.grid.web.servlet.DriverServlet.doPost(DriverServlet.java:69)
at javax.servlet.http.HttpServlet.service(HttpServlet.java:707)
at javax.servlet.http.HttpServlet.service(HttpServlet.java:790)
at org.seleniumhq.jetty9.servlet.ServletHolder.handle(ServletHolder.java:865)
at org.seleniumhq.jetty9.servlet.ServletHandler.doHandle(ServletHandler.java:535)
at org.seleniumhq.jetty9.server.handler.ScopedHandler.handle(ScopedHandler.java:146)
at org.seleniumhq.jetty9.security.SecurityHandler.handle(SecurityHandler.java:548)
at org.seleniumhq.jetty9.server.handler.HandlerWrapper.handle(HandlerWrapper.java:132)
at org.seleniumhq.jetty9.server.handler.ScopedHandler.nextHandle(ScopedHandler.java:257)
at org.seleniumhq.jetty9.server.session.SessionHandler.doHandle(SessionHandler.java:1595)
at org.seleniumhq.jetty9.server.handler.ScopedHandler.nextHandle(ScopedHandler.java:255)
at org.seleniumhq.jetty9.server.handler.ContextHandler.doHandle(ContextHandler.java:1340)
at org.seleniumhq.jetty9.server.handler.ScopedHandler.nextScope(ScopedHandler.java:203)
at org.seleniumhq.jetty9.servlet.ServletHandler.doScope(ServletHandler.java:473)
at org.seleniumhq.jetty9.server.session.SessionHandler.doScope(SessionHandler.java:1564)
at org.seleniumhq.jetty9.server.handler.ScopedHandler.nextScope(ScopedHandler.java:201)
at org.seleniumhq.jetty9.server.handler.ContextHandler.doScope(ContextHandler.java:1242)
at org.seleniumhq.jetty9.server.handler.ScopedHandler.handle(ScopedHandler.java:144)
at org.seleniumhq.jetty9.server.handler.HandlerWrapper.handle(HandlerWrapper.java:132)
at org.seleniumhq.jetty9.server.Server.handle(Server.java:503)
at org.seleniumhq.jetty9.server.HttpChannel.handle(HttpChannel.java:364)
at org.seleniumhq.jetty9.server.HttpConnection.onFillable(HttpConnection.java:260)
at org.seleniumhq.jetty9.io.AbstractConnection$ReadCallback.succeeded(AbstractConnection.java:305)
at org.seleniumhq.jetty9.io.FillInterest.fillable(FillInterest.java:103)
at org.seleniumhq.jetty9.io.ChannelEndPoint$2.run(ChannelEndPoint.java:118)
at org.seleniumhq.jetty9.util.thread.strategy.EatWhatYouKill.runTask(EatWhatYouKill.java:333)
at org.seleniumhq.jetty9.util.thread.strategy.EatWhatYouKill.doProduce(EatWhatYouKill.java:310)
at org.seleniumhq.jetty9.util.thread.strategy.EatWhatYouKill.tryProduce(EatWhatYouKill.java:168)
at org.seleniumhq.jetty9.util.thread.strategy.EatWhatYouKill.run(EatWhatYouKill.java:126)
at org.seleniumhq.jetty9.util.thread.ReservedThreadExecutor$ReservedThread.run(ReservedThreadExecutor.java:366)
at org.seleniumhq.jetty9.util.thread.QueuedThreadPool.runJob(QueuedThreadPool.java:765)
at org.seleniumhq.jetty9.util.thread.QueuedThreadPool$2.run(QueuedThreadPool.java:683)
at java.lang.Thread.run(Thread.java:748)
</pre>
<hr><a href="http://eclipse.org/jetty">Powered by Jetty:// 9.4.z-SNAPSHOT</a><hr/>

</body>
</html>

Build info: version: '3.5.3', revision: 'a88d25fe6b', time: '2017-08-29T12:42:44.417Z'
System info: host: 'DESKTOP-D3HDG58', ip: '192.168.1.111', os.name: 'Windows 10', os.arch: 'amd64', os.version: '10.0', java.version: '1.8.0_202'
Driver info: driver.version: RemoteWebDriver
at org.openqa.selenium.remote.ProtocolHandshake.createSession(ProtocolHandshake.java:347)
at org.openqa.selenium.remote.ProtocolHandshake.createSession(ProtocolHandshake.java:136)
at org.openqa.selenium.remote.HttpCommandExecutor.execute(HttpCommandExecutor.java:142)
at org.openqa.selenium.remote.RemoteWebDriver.execute(RemoteWebDriver.java:646)
at org.openqa.selenium.remote.RemoteWebDriver.startSession(RemoteWebDriver.java:255)
at org.openqa.selenium.remote.RemoteWebDriver.startSession(RemoteWebDriver.java:237)
at org.openqa.selenium.remote.RemoteWebDriver.<init>(RemoteWebDriver.java:138)
at org.openqa.selenium.remote.RemoteWebDriver.<init>(RemoteWebDriver.java:175)
at com.grid.Grid_node3.setup(Grid_node3.java:34)
at sun.reflect.NativeMethodAccessorImpl.invoke0(Native Method)
at sun.reflect.NativeMethodAccessorImpl.invoke(NativeMethodAccessorImpl.java:62)
at sun.reflect.DelegatingMethodAccessorImpl.invoke(DelegatingMethodAccessorImpl.java:43)
at java.lang.reflect.Method.invoke(Method.java:498)
at org.testng.internal.MethodInvocationHelper.invokeMethod(MethodInvocationHelper.java:134)
at org.testng.internal.MethodInvocationHelper.invokeMethodConsideringTimeout(MethodInvocationHelper.java:63)
at org.testng.internal.ConfigInvoker.invokeConfigurationMethod(ConfigInvoker.java:348)
at org.testng.internal.ConfigInvoker.invokeConfigurations(ConfigInvoker.java:302)
at org.testng.TestRunner.invokeTestConfigurations(TestRunner.java:619)
at org.testng.TestRunner.beforeRun(TestRunner.java:609)
at org.testng.TestRunner.run(TestRunner.java:580)
at org.testng.SuiteRunner.runTest(SuiteRunner.java:384)
at org.testng.SuiteRunner.runSequentially(SuiteRunner.java:378)
at org.testng.SuiteRunner.privateRun(SuiteRunner.java:337)
at org.testng.SuiteRunner.run(SuiteRunner.java:286)
at org.testng.SuiteRunnerWorker.runSuite(SuiteRunnerWorker.java:53)
at org.testng.SuiteRunnerWorker.run(SuiteRunnerWorker.java:96)
at org.testng.TestNG.runSuitesSequentially(TestNG.java:1187)
at org.testng.TestNG.runSuitesLocally(TestNG.java:1109)
at org.testng.TestNG.runSuites(TestNG.java:1039)
at org.testng.TestNG.run(TestNG.java:1007)
at org.testng.remote.AbstractRemoteTestNG.run(AbstractRemoteTestNG.java:115)
at org.testng.remote.RemoteTestNG.initAndRun(RemoteTestNG.java:251)
at org.testng.remote.RemoteTestNG.main(RemoteTestNG.java:77)
]]>
    </error>
  </testcase> <!-- setup -->
  <system-out/>
  <testcase name="test" time="0.000" classname="com.grid.Grid_node3">
    <skipped/>
  </testcase> <!-- test -->
  <system-out/>
</testsuite> <!-- com.grid.Grid_node3 -->
