<?xml version="1.0" encoding="UTF-8"?>
<!-- Generated by org.testng.reporters.JUnitReportReporter -->
<testsuite hostname="DESKTOP-D3HDG58" name="parallelExecutionClasses.BaseClassTest1" tests="3" failures="0" timestamp="28 Apr 2020 11:19:45 GMT" time="3.566" errors="0">
  <testcase name="test1" time="0.003" classname="parallelExecutionClasses.BaseClassTest1"/>
  <testcase name="loginPoornaTest" time="3.561" classname="parallelExecutionClasses.BaseClassTest1"/>
  <testcase name="test2" time="0.002" classname="parallelExecutionClasses.BaseClassTest1"/>
</testsuite> <!-- parallelExecutionClasses.BaseClassTest1 -->
