<?xml version="1.0" encoding="UTF-8"?>
<!-- Generated by org.testng.reporters.JUnitReportReporter -->
<testsuite skipped="0" hostname="DESKTOP-D3HDG58" name="com.testng.concepts.FactoryChildClass" tests="6" failures="0" timestamp="2020-08-17T06:48:10 AEST" time="0.022" errors="0">
  <testcase name="test1" time="0.002" classname="com.testng.concepts.FactoryChildClass"/>
  <system-out/>
  <testcase name="test1" time="0.001" classname="com.testng.concepts.FactoryChildClass"/>
  <system-out/>
  <testcase name="test2" time="0.002" classname="com.testng.concepts.FactoryChildClass"/>
  <system-out/>
  <testcase name="test2" time="0.001" classname="com.testng.concepts.FactoryChildClass"/>
  <system-out/>
  <testcase name="test1" time="0.001" classname="com.testng.concepts.FactoryChildClass"/>
  <system-out/>
  <testcase name="test2" time="0.015" classname="com.testng.concepts.FactoryChildClass"/>
  <system-out/>
</testsuite> <!-- com.testng.concepts.FactoryChildClass -->
