<?xml version="1.0" encoding="UTF-8"?>
<!-- Generated by org.testng.reporters.JUnitReportReporter -->
<testsuite skipped="0" hostname="PoornaSowji-PC" name="parallelExecutionClasses.ParallelMethods" tests="3" failures="0" timestamp="2020-03-08T18:09:42 AEDT" time="44.945" errors="0">
  <testcase name="loginPoornaTest2" time="14.261" classname="parallelExecutionClasses.ParallelMethods"/>
  <testcase name="loginPoornaTest3" time="15.331" classname="parallelExecutionClasses.ParallelMethods"/>
  <testcase name="loginPoornaTest1" time="15.353" classname="parallelExecutionClasses.ParallelMethods"/>
</testsuite> <!-- parallelExecutionClasses.ParallelMethods -->
