<?xml version="1.0" encoding="UTF-8"?>
<!-- Generated by org.testng.reporters.JUnitReportReporter -->
<testsuite skipped="0" hostname="DESKTOP-D3HDG58" name="com.testng.classes.ContactUsTest" tests="1" failures="0" timestamp="2020-05-24T06:43:19 AEST" time="25.534" errors="0">
  <testcase name="contactUs" time="25.534" classname="com.testng.classes.ContactUsTest"/>
  <system-out/>
</testsuite> <!-- com.testng.classes.ContactUsTest -->
