<?xml version="1.0" encoding="UTF-8"?>
<!-- Generated by org.testng.reporters.JUnitReportReporter -->
<testsuite skipped="0" hostname="DESKTOP-D3HDG58" name="com.testng.classes.AddToCartTest" tests="1" failures="0" timestamp="2020-05-12T06:56:38 AEST" time="66.090" errors="0">
  <testcase name="addToCartTest" time="66.090" classname="com.testng.classes.AddToCartTest"/>
  <system-out/>
</testsuite> <!-- com.testng.classes.AddToCartTest -->
