<?xml version="1.0" encoding="UTF-8"?>
<!-- Generated by org.testng.reporters.JUnitReportReporter -->
<testsuite skipped="0" hostname="DESKTOP-D3HDG58" name="com.grid.Grid_node4" tests="1" failures="0" timestamp="2020-09-05T18:00:54 AEST" time="14.632" errors="0">
  <testcase name="test1" time="14.632" classname="com.grid.Grid_node4"/>
  <system-out/>
</testsuite> <!-- com.grid.Grid_node4 -->
