<?xml version="1.0" encoding="UTF-8"?>
<!-- Generated by org.testng.reporters.JUnitReportReporter -->
<testsuite skipped="0" hostname="DESKTOP-D3HDG58" name="com.testng.concepts.SimpleTest" tests="2" failures="0" timestamp="2020-05-10T10:32:54 AEST" time="0.022" errors="0">
  <testcase name="simpleTest" time="0.021" classname="com.testng.concepts.SimpleTest"/>
  <system-out/>
  <testcase name="simpleTest" time="0.001" classname="com.testng.concepts.SimpleTest"/>
  <system-out/>
</testsuite> <!-- com.testng.concepts.SimpleTest -->
