<?xml version="1.0" encoding="UTF-8"?>
<!-- Generated by org.testng.reporters.JUnitReportReporter -->
<testsuite skipped="0" hostname="DESKTOP-D3HDG58" name="com.testng.concepts.FakerAPI" tests="1" failures="0" timestamp="2020-07-04T17:28:41 AEST" time="0.597" errors="0">
  <testcase name="login" time="0.597" classname="com.testng.concepts.FakerAPI"/>
  <system-out/>
</testsuite> <!-- com.testng.concepts.FakerAPI -->
