<?xml version="1.0" encoding="UTF-8"?>
<!-- Generated by org.testng.reporters.JUnitReportReporter -->
<testsuite skipped="0" hostname="DESKTOP-D3HDG58" name="AnnotationsLearing.Annotation" tests="2" failures="0" timestamp="2020-05-12T07:00:04 AEST" time="0.014" errors="0">
  <testcase name="abcd1" time="0.001" classname="AnnotationsLearing.Annotation"/>
  <system-out/>
  <testcase name="abcd" time="0.013" classname="AnnotationsLearing.Annotation"/>
  <system-out/>
</testsuite> <!-- AnnotationsLearing.Annotation -->
