<?xml version="1.0" encoding="UTF-8"?>
<!-- Generated by org.testng.reporters.JUnitReportReporter -->
<testsuite skipped="0" hostname="DESKTOP-D3HDG58" name="com.testng.concepts.Grouping" tests="3" failures="0" timestamp="2020-05-18T06:36:10 AEST" time="0.017" errors="0">
  <testcase name="method3" time="0.000" classname="com.testng.concepts.Grouping"/>
  <system-out/>
  <testcase name="method2" time="0.000" classname="com.testng.concepts.Grouping"/>
  <system-out/>
  <testcase name="method1" time="0.017" classname="com.testng.concepts.Grouping"/>
  <system-out/>
</testsuite> <!-- com.testng.concepts.Grouping -->
