<?xml version="1.0" encoding="UTF-8"?>
<!-- Generated by org.testng.reporters.JUnitReportReporter -->
<testsuite skipped="0" hostname="DESKTOP-D3HDG58" name="com.grid.Grid" tests="1" failures="0" timestamp="2020-05-24T06:59:30 AEST" time="7.712" errors="0">
  <testcase name="test" time="7.712" classname="com.grid.Grid"/>
  <system-out/>
</testsuite> <!-- com.grid.Grid -->
