<?xml version="1.0" encoding="UTF-8"?>
<!-- Generated by org.testng.reporters.JUnitReportReporter -->
<testsuite skipped="0" hostname="DESKTOP-D3HDG58" name="com.grid.SeleniumGrid_BrowserStack3" tests="1" failures="0" timestamp="2020-05-29T06:53:52 AEST" time="26.206" errors="0">
  <testcase name="test1" time="26.206" classname="com.grid.SeleniumGrid_BrowserStack3"/>
  <system-out/>
</testsuite> <!-- com.grid.SeleniumGrid_BrowserStack3 -->
