<?xml version="1.0" encoding="UTF-8"?>
<!-- Generated by org.testng.reporters.JUnitReportReporter -->
<testsuite skipped="0" hostname="DESKTOP-D3HDG58" name="com.testng.concepts.Parameters2" tests="1" failures="0" timestamp="2020-05-09T17:01:57 AEST" time="0.002" errors="0">
  <testcase name="parameters" time="0.002" classname="com.testng.concepts.Parameters2"/>
  <system-out/>
</testsuite> <!-- com.testng.concepts.Parameters2 -->
