<?xml version="1.0" encoding="UTF-8"?>
<!-- Generated by org.testng.reporters.JUnitReportReporter -->
<testsuite skipped="0" hostname="DESKTOP-D3HDG58" name="com.testng.concepts.Annotation" tests="2" failures="0" timestamp="2020-09-11T07:47:50 AEST" time="0.011" errors="0">
  <testcase name="abcd1" time="0.003" classname="com.testng.concepts.Annotation"/>
  <system-out/>
  <testcase name="abcd" time="0.008" classname="com.testng.concepts.Annotation"/>
  <system-out/>
</testsuite> <!-- com.testng.concepts.Annotation -->
