<?xml version="1.0" encoding="UTF-8"?>
<!-- Generated by org.testng.reporters.JUnitReportReporter -->
<testsuite skipped="0" hostname="DESKTOP-D3HDG58" name="com.grid.Grid_node2" tests="1" failures="0" timestamp="2020-05-24T07:33:38 AEST" time="0.030" errors="0">
  <testcase name="test" time="0.030" classname="com.grid.Grid_node2"/>
  <system-out/>
</testsuite> <!-- com.grid.Grid_node2 -->
