<?xml version="1.0" encoding="UTF-8"?>
<!-- Generated by org.testng.reporters.JUnitReportReporter -->
<testsuite skipped="0" hostname="DESKTOP-D3HDG58" name="com.testng.classes.PoornaLogin" tests="1" failures="0" timestamp="2020-05-12T07:49:37 AEST" time="4.346" errors="0">
  <testcase name="loginPoornaTest" time="4.346" classname="com.testng.classes.PoornaLogin"/>
  <system-out/>
</testsuite> <!-- com.testng.classes.PoornaLogin -->
