<?xml version="1.0" encoding="UTF-8"?>
<!-- Generated by org.testng.reporters.JUnitReportReporter -->
<testsuite skipped="0" hostname="PoornaSowji-PC" name="parallelExecutionClasses.BaseClassTest2" tests="1" failures="0" timestamp="2020-03-26T21:09:55 AEDT" time="5.020" errors="0">
  <testcase name="loginChandraTest" time="5.020" classname="parallelExecutionClasses.BaseClassTest2"/>
</testsuite> <!-- parallelExecutionClasses.BaseClassTest2 -->
