<?xml version="1.0" encoding="UTF-8"?>
<!-- Generated by org.testng.reporters.JUnitReportReporter -->
<testsuite hostname="DESKTOP-D3HDG58" name="parallelExecutionMethods.BaseClassTest" tests="3" failures="0" timestamp="28 Apr 2020 11:04:11 GMT" time="24.254" errors="0">
  <testcase name="loginChandraTest" time="10.237" classname="parallelExecutionMethods.BaseClassTest"/>
  <testcase name="loginPoornaTest" time="3.831" classname="parallelExecutionMethods.BaseClassTest"/>
  <testcase name="loginRaoTest" time="10.186" classname="parallelExecutionMethods.BaseClassTest"/>
</testsuite> <!-- parallelExecutionMethods.BaseClassTest -->
