<?xml version="1.0" encoding="UTF-8"?>
<!-- Generated by org.testng.reporters.JUnitReportReporter -->
<testsuite skipped="0" hostname="PoornaSowji-PC" name="parallelExecutionClasses.BaseClassTest3" tests="1" failures="0" timestamp="2020-03-26T21:09:55 AEDT" time="5.205" errors="0">
  <testcase name="loginRaoTest" time="5.205" classname="parallelExecutionClasses.BaseClassTest3"/>
</testsuite> <!-- parallelExecutionClasses.BaseClassTest3 -->
