<?xml version="1.0" encoding="UTF-8"?>
<!-- Generated by org.testng.reporters.JUnitReportReporter -->
<testsuite skipped="0" hostname="PoornaSowji-PC" name="parallelExecution.BaseClassTest" tests="3" failures="0" timestamp="2020-03-01T17:17:30 AEDT" time="31.814" errors="0">
  <testcase name="loginRaoTest" time="13.161" classname="parallelExecution.BaseClassTest"/>
  <testcase name="loginPoornaTest" time="6.451" classname="parallelExecution.BaseClassTest"/>
  <testcase name="loginChandraTest" time="12.202" classname="parallelExecution.BaseClassTest"/>
</testsuite> <!-- parallelExecution.BaseClassTest -->
