<?xml version="1.0" encoding="UTF-8"?>
<!-- Generated by org.testng.reporters.JUnitReportReporter -->
<testsuite skipped="0" hostname="DESKTOP-D3HDG58" name="com.testng.concepts.FactoryAndDataProviders" tests="6" failures="0" timestamp="2020-05-10T11:09:41 AEST" time="0.026" errors="0">
  <testcase name="testMethodOne" time="0.002" classname="com.testng.concepts.FactoryAndDataProviders"/>
  <system-out/>
  <testcase name="testMethodTwo" time="0.004" classname="com.testng.concepts.FactoryAndDataProviders"/>
  <system-out/>
  <testcase name="testMethodTwo" time="0.001" classname="com.testng.concepts.FactoryAndDataProviders"/>
  <system-out/>
  <testcase name="testMethodOne" time="0.010" classname="com.testng.concepts.FactoryAndDataProviders"/>
  <system-out/>
  <testcase name="testMethodTwo" time="0.004" classname="com.testng.concepts.FactoryAndDataProviders"/>
  <system-out/>
  <testcase name="testMethodOne" time="0.005" classname="com.testng.concepts.FactoryAndDataProviders"/>
  <system-out/>
</testsuite> <!-- com.testng.concepts.FactoryAndDataProviders -->
