<?xml version="1.0" encoding="UTF-8"?>
<!-- Generated by org.testng.reporters.JUnitReportReporter -->
<testsuite skipped="0" hostname="DESKTOP-D3HDG58" name="com.testng.classes.Myrta" tests="1" failures="0" timestamp="2020-08-15T21:59:34 AEST" time="56.800" errors="0">
  <testcase name="loginTest" time="56.800" classname="com.testng.classes.Myrta"/>
  <system-out/>
</testsuite> <!-- com.testng.classes.Myrta -->
