<?xml version="1.0" encoding="UTF-8"?>
<!-- Generated by org.testng.reporters.JUnitReportReporter -->
<testsuite skipped="0" hostname="DESKTOP-D3HDG58" name="com.testng.concepts.DataProviders" tests="3" failures="0" timestamp="2020-08-14T06:35:26 AEST" time="0.027" errors="0">
  <testcase name="printNames" time="0.016" classname="com.testng.concepts.DataProviders"/>
  <system-out/>
  <testcase name="printNames" time="0.010" classname="com.testng.concepts.DataProviders"/>
  <system-out/>
  <testcase name="printNames" time="0.001" classname="com.testng.concepts.DataProviders"/>
  <system-out/>
</testsuite> <!-- com.testng.concepts.DataProviders -->
