<?xml version="1.0" encoding="UTF-8"?>
<!-- Generated by org.testng.reporters.JUnitReportReporter -->
<testsuite skipped="0" hostname="DESKTOP-D3HDG58" name="com.grid.Grid_node1" tests="1" failures="0" timestamp="2020-05-24T09:37:39 AEST" time="7.521" errors="0">
  <testcase name="test" time="7.521" classname="com.grid.Grid_node1"/>
  <system-out/>
</testsuite> <!-- com.grid.Grid_node1 -->
