<?xml version="1.0" encoding="UTF-8"?>
<!-- Generated by org.testng.reporters.JUnitReportReporter -->
<testsuite skipped="0" hostname="DESKTOP-D3HDG58" name="com.testng.classes.LoginTest" tests="1" failures="0" timestamp="2020-05-12T07:47:43 AEST" time="28.561" errors="0">
  <testcase name="loginTest" time="28.561" classname="com.testng.classes.LoginTest"/>
  <system-out/>
</testsuite> <!-- com.testng.classes.LoginTest -->
