<?xml version="1.0" encoding="UTF-8"?>
<!-- Generated by org.testng.reporters.JUnitReportReporter -->
<testsuite skipped="0" hostname="PoornaSowji-PC" name="parallelExecution.BaseClass" tests="1" failures="0" timestamp="2020-03-01T17:04:24 AEDT" time="9.343" errors="0">
  <testcase name="loginTest" time="9.343" classname="parallelExecution.BaseClass"/>
</testsuite> <!-- parallelExecution.BaseClass -->
