<?xml version="1.0" encoding="UTF-8"?>
<!-- Generated by org.testng.reporters.JUnitReportReporter -->
<testsuite skipped="0" hostname="DESKTOP-D3HDG58" name="com.testng.classes.ChandraLogin" tests="1" failures="0" timestamp="2020-05-12T07:47:43 AEST" time="5.274" errors="0">
  <testcase name="loginChandraTest" time="5.274" classname="com.testng.classes.ChandraLogin"/>
  <system-out/>
</testsuite> <!-- com.testng.classes.ChandraLogin -->
