<?xml version="1.0" encoding="UTF-8"?>
<!-- Generated by org.testng.reporters.JUnitReportReporter -->
<testsuite hostname="DESKTOP-D3HDG58" name="parallelExecutionMethods.BaseClassTest" tests="3" failures="0" timestamp="3 May 2020 06:25:42 GMT" time="31.277" errors="0">
  <testcase name="loginChandraTest" time="11.433" classname="parallelExecutionMethods.BaseClassTest"/>
  <testcase name="loginPoornaTest" time="8.404" classname="parallelExecutionMethods.BaseClassTest"/>
  <testcase name="loginRaoTest" time="11.440" classname="parallelExecutionMethods.BaseClassTest"/>
</testsuite> <!-- parallelExecutionMethods.BaseClassTest -->
